ForgeAI Services Restart Script
================================
Restarting services for application: hackathon2
Frontend port: 15249
Backend port: 15250
Stopping existing processes...
Killing frontend processes on port 15249: 413
Killing frontend PID: 413
Killing backend processes on port 15250: 414
682
Killing backend PID: 414
Killing backend PID: 682
Starting backend...
Installing requirements...
Using backend file: main_back.py
Setting root_path to: /crisishackers/hackathon2
Backend started with PID: 689
Starting frontend...
Using frontend file: main_front.py
Using path-based URL: crisishackers/hackathon2
Frontend started with PID: 690
Services restarted successfully!
================================
